<?xml version="1.0" encoding="UTF-8"?>
<!-- Generated by org.testng.reporters.JUnitReportReporter -->
<testsuite skipped="0" hostname="DESKTOP-9EVS9P3" name="com.mystore.testcases.LoginPageTest" tests="1" failures="0" timestamp="20 May 2020 13:12:02 GMT" time="61.074" errors="0">
  <testcase name="loginApp" time="61.074" classname="com.mystore.testcases.LoginPageTest"/>
</testsuite> <!-- com.mystore.testcases.LoginPageTest -->
